<?xml version="1.0" encoding="UTF-8"?>
<testng-results ignored="0" total="1" passed="1" failed="0" skipped="0">
  <reporter-output>
  </reporter-output>
  <suite started-at="2023-07-14T09:28:15 IST" name="Default suite" finished-at="2023-07-14T09:29:22 IST" duration-ms="66542">
    <groups>
    </groups>
    <test started-at="2023-07-14T09:28:15 IST" name="Default test" finished-at="2023-07-14T09:29:22 IST" duration-ms="66542">
      <class name="script.AddProducttoCartbyCategoryWOL">
        <test-method is-config="true" signature="createReport()[pri:0, instance:script.AddProducttoCartbyCategoryWOL@5fe94a96]" started-at="2023-07-14T09:28:15 IST" name="createReport" finished-at="2023-07-14T09:28:15 IST" duration-ms="154" status="PASS">
          <reporter-output>
          </reporter-output>
        </test-method> <!-- createReport -->
        <test-method is-config="true" signature="openApp(java.lang.reflect.Method,java.lang.String)[pri:0, instance:script.AddProducttoCartbyCategoryWOL@5fe94a96]" started-at="2023-07-14T09:28:15 IST" name="openApp" finished-at="2023-07-14T09:28:24 IST" duration-ms="9037" status="PASS">
          <params>
            <param index="0">
              <value>
                <![CDATA[public void script.AddProducttoCartbyCategoryWOL.AddprodbycategoryWithOutLogin() throws java.lang.Throwable]]>
              </value>
            </param>
            <param index="1">
              <value>
                <![CDATA[stage.properties]]>
              </value>
            </param>
          </params>
          <reporter-output>
          </reporter-output>
        </test-method> <!-- openApp -->
        <test-method signature="AddprodbycategoryWithOutLogin()[pri:16, instance:script.AddProducttoCartbyCategoryWOL@5fe94a96]" started-at="2023-07-14T09:28:24 IST" name="AddprodbycategoryWithOutLogin" finished-at="2023-07-14T09:29:21 IST" duration-ms="57032" status="PASS">
          <reporter-output>
          </reporter-output>
        </test-method> <!-- AddprodbycategoryWithOutLogin -->
        <test-method is-config="true" signature="closeApp(org.testng.ITestResult)[pri:0, instance:script.AddProducttoCartbyCategoryWOL@5fe94a96]" started-at="2023-07-14T09:29:21 IST" name="closeApp" finished-at="2023-07-14T09:29:22 IST" duration-ms="447" status="PASS">
          <params>
            <param index="0">
              <value>
                <![CDATA[[TestResult name=AddprodbycategoryWithOutLogin status=SUCCESS method=AddProducttoCartbyCategoryWOL.AddprodbycategoryWithOutLogin()[pri:16, instance:script.AddProducttoCartbyCategoryWOL@5fe94a96] output={null}]]]>
              </value>
            </param>
          </params>
          <reporter-output>
          </reporter-output>
        </test-method> <!-- closeApp -->
        <test-method is-config="true" signature="publishReport()[pri:0, instance:script.AddProducttoCartbyCategoryWOL@5fe94a96]" started-at="2023-07-14T09:29:22 IST" name="publishReport" finished-at="2023-07-14T09:29:22 IST" duration-ms="760" status="PASS">
          <reporter-output>
          </reporter-output>
        </test-method> <!-- publishReport -->
      </class> <!-- script.AddProducttoCartbyCategoryWOL -->
    </test> <!-- Default test -->
  </suite> <!-- Default suite -->
</testng-results>
